[INFO] Scanning for projects...
[INFO] Inspecting build with total of 6 modules...
[INFO] Installing Nexus Staging features:
[INFO]   ... total of 6 executions of maven-deploy-plugin replaced with nexus-staging-maven-plugin
[INFO] ------------------------------------------------------------------------
[INFO] Reactor Build Order:
[INFO] 
[INFO] EtherNet/IP                                                        [pom]
[INFO] cip-core                                                           [jar]
[INFO] enip-core                                                          [jar]
[INFO] enip-client                                                        [jar]
[INFO] cip-client                                                         [jar]
[INFO] logix-services                                                     [jar]
[INFO] 
[INFO] ---------------------< com.digitalpetri.enip:enip >---------------------
[INFO] Building EtherNet/IP 1.3.5-SNAPSHOT                                [1/6]
[INFO] --------------------------------[ pom ]---------------------------------
[INFO] 
[INFO] --- maven-enforcer-plugin:3.0.0-M2:enforce (vulnerability-checks) @ enip ---
[INFO] 
[INFO] -------------------< com.digitalpetri.enip:cip-core >-------------------
[INFO] Building cip-core 1.3.5-SNAPSHOT                                   [2/6]
[INFO] --------------------------------[ jar ]---------------------------------
[INFO] 
[INFO] --- maven-enforcer-plugin:3.0.0-M2:enforce (vulnerability-checks) @ cip-core ---
[INFO] Checking for vulnerabilities:
[INFO]   io.netty:netty-buffer:jar:4.0.56.Final:compile
[INFO]   com.beust:jcommander:jar:1.72:test
[INFO]   com.google.code.findbugs:jsr305:jar:3.0.0:compile
[INFO]   org.apache-extras.beanshell:bsh:jar:2.0b6:test
[INFO]   org.testng:testng:jar:6.14.3:test
[INFO]   io.netty:netty-common:jar:4.0.56.Final:compile
[INFO]   org.slf4j:slf4j-api:jar:1.7.7:compile
[INFO] Exclude coordinates: []
[INFO] Exclude vulnerability identifiers: []
[INFO] CVSS-score threshold: 0.0
[WARNING] Failed to fetch component-reports
org.sonatype.ossindex.service.client.transport.Transport$TransportException: Unexpected response; status: HTTP/1.1 429 Too Many Requests
    at org.sonatype.ossindex.service.client.transport.HttpClientTransport.post (HttpClientTransport.java:98)
    at org.sonatype.ossindex.service.client.internal.OssindexClientImpl.doRequestComponentReports (OssindexClientImpl.java:163)
    at org.sonatype.ossindex.service.client.internal.OssindexClientImpl.requestComponentReports (OssindexClientImpl.java:139)
    at org.sonatype.ossindex.maven.common.ComponentReportAssistant.request (ComponentReportAssistant.java:80)
    at org.sonatype.ossindex.maven.enforcer.BanVulnerableDependencies$Task.run (BanVulnerableDependencies.java:186)
    at org.sonatype.ossindex.maven.enforcer.BanVulnerableDependencies.execute (BanVulnerableDependencies.java:119)
    at org.apache.maven.plugins.enforcer.EnforceMojo.execute (EnforceMojo.java:194)
    at org.apache.maven.plugin.DefaultBuildPluginManager.executeMojo (DefaultBuildPluginManager.java:137)
    at org.apache.maven.lifecycle.internal.MojoExecutor.execute (MojoExecutor.java:210)
    at org.apache.maven.lifecycle.internal.MojoExecutor.execute (MojoExecutor.java:156)
    at org.apache.maven.lifecycle.internal.MojoExecutor.execute (MojoExecutor.java:148)
    at org.apache.maven.lifecycle.internal.LifecycleModuleBuilder.buildProject (LifecycleModuleBuilder.java:117)
    at org.apache.maven.lifecycle.internal.LifecycleModuleBuilder.buildProject (LifecycleModuleBuilder.java:81)
    at org.apache.maven.lifecycle.internal.builder.singlethreaded.SingleThreadedBuilder.build (SingleThreadedBuilder.java:56)
    at org.apache.maven.lifecycle.internal.LifecycleStarter.execute (LifecycleStarter.java:128)
    at org.apache.maven.DefaultMaven.doExecute (DefaultMaven.java:305)
    at org.apache.maven.DefaultMaven.doExecute (DefaultMaven.java:192)
    at org.apache.maven.DefaultMaven.execute (DefaultMaven.java:105)
    at org.apache.maven.cli.MavenCli.execute (MavenCli.java:957)
    at org.apache.maven.cli.MavenCli.doMain (MavenCli.java:289)
    at org.apache.maven.cli.MavenCli.main (MavenCli.java:193)
    at jdk.internal.reflect.NativeMethodAccessorImpl.invoke0 (Native Method)
    at jdk.internal.reflect.NativeMethodAccessorImpl.invoke (NativeMethodAccessorImpl.java:62)
    at jdk.internal.reflect.DelegatingMethodAccessorImpl.invoke (DelegatingMethodAccessorImpl.java:43)
    at java.lang.reflect.Method.invoke (Method.java:566)
    at org.codehaus.plexus.classworlds.launcher.Launcher.launchEnhanced (Launcher.java:282)
    at org.codehaus.plexus.classworlds.launcher.Launcher.launch (Launcher.java:225)
    at org.codehaus.plexus.classworlds.launcher.Launcher.mainWithExitCode (Launcher.java:406)
    at org.codehaus.plexus.classworlds.launcher.Launcher.main (Launcher.java:347)
[INFO] 
[INFO] --- maven-resources-plugin:2.6:resources (default-resources) @ cip-core ---
[INFO] Using 'UTF-8' encoding to copy filtered resources.
[INFO] skip non existing resourceDirectory /workdir/ethernet-ip/cip-core/src/main/resources
[INFO] 
[INFO] --- maven-compiler-plugin:3.8.0:compile (default-compile) @ cip-core ---
[INFO] Nothing to compile - all classes are up to date
[INFO] 
[INFO] --- maven-resources-plugin:2.6:testResources (default-testResources) @ cip-core ---
[INFO] Using 'UTF-8' encoding to copy filtered resources.
[INFO] skip non existing resourceDirectory /workdir/ethernet-ip/cip-core/src/test/resources
[INFO] 
[INFO] --- maven-compiler-plugin:3.8.0:testCompile (default-testCompile) @ cip-core ---
[INFO] No sources to compile
[INFO] 
[INFO] --- maven-surefire-plugin:2.12.4:test (default-test) @ cip-core ---
[INFO] No tests to run.
[INFO] 
[INFO] ------------------< com.digitalpetri.enip:enip-core >-------------------
[INFO] Building enip-core 1.3.5-SNAPSHOT                                  [3/6]
[INFO] --------------------------------[ jar ]---------------------------------
[INFO] 
[INFO] --- maven-enforcer-plugin:3.0.0-M2:enforce (vulnerability-checks) @ enip-core ---
[INFO] Checking for vulnerabilities:
[INFO]   io.netty:netty-buffer:jar:4.0.56.Final:compile
[INFO]   com.beust:jcommander:jar:1.72:test
[INFO]   com.google.code.findbugs:jsr305:jar:3.0.0:compile
[INFO]   org.apache-extras.beanshell:bsh:jar:2.0b6:test
[INFO]   org.testng:testng:jar:6.14.3:test
[INFO]   io.netty:netty-common:jar:4.0.56.Final:compile
[INFO]   org.slf4j:slf4j-api:jar:1.7.7:compile
[INFO] Exclude coordinates: []
[INFO] Exclude vulnerability identifiers: []
[INFO] CVSS-score threshold: 0.0
[WARNING] Failed to fetch component-reports
org.sonatype.ossindex.service.client.transport.Transport$TransportException: Unexpected response; status: HTTP/1.1 429 Too Many Requests
    at org.sonatype.ossindex.service.client.transport.HttpClientTransport.post (HttpClientTransport.java:98)
    at org.sonatype.ossindex.service.client.internal.OssindexClientImpl.doRequestComponentReports (OssindexClientImpl.java:163)
    at org.sonatype.ossindex.service.client.internal.OssindexClientImpl.requestComponentReports (OssindexClientImpl.java:139)
    at org.sonatype.ossindex.maven.common.ComponentReportAssistant.request (ComponentReportAssistant.java:80)
    at org.sonatype.ossindex.maven.enforcer.BanVulnerableDependencies$Task.run (BanVulnerableDependencies.java:186)
    at org.sonatype.ossindex.maven.enforcer.BanVulnerableDependencies.execute (BanVulnerableDependencies.java:119)
    at org.apache.maven.plugins.enforcer.EnforceMojo.execute (EnforceMojo.java:194)
    at org.apache.maven.plugin.DefaultBuildPluginManager.executeMojo (DefaultBuildPluginManager.java:137)
    at org.apache.maven.lifecycle.internal.MojoExecutor.execute (MojoExecutor.java:210)
    at org.apache.maven.lifecycle.internal.MojoExecutor.execute (MojoExecutor.java:156)
    at org.apache.maven.lifecycle.internal.MojoExecutor.execute (MojoExecutor.java:148)
    at org.apache.maven.lifecycle.internal.LifecycleModuleBuilder.buildProject (LifecycleModuleBuilder.java:117)
    at org.apache.maven.lifecycle.internal.LifecycleModuleBuilder.buildProject (LifecycleModuleBuilder.java:81)
    at org.apache.maven.lifecycle.internal.builder.singlethreaded.SingleThreadedBuilder.build (SingleThreadedBuilder.java:56)
    at org.apache.maven.lifecycle.internal.LifecycleStarter.execute (LifecycleStarter.java:128)
    at org.apache.maven.DefaultMaven.doExecute (DefaultMaven.java:305)
    at org.apache.maven.DefaultMaven.doExecute (DefaultMaven.java:192)
    at org.apache.maven.DefaultMaven.execute (DefaultMaven.java:105)
    at org.apache.maven.cli.MavenCli.execute (MavenCli.java:957)
    at org.apache.maven.cli.MavenCli.doMain (MavenCli.java:289)
    at org.apache.maven.cli.MavenCli.main (MavenCli.java:193)
    at jdk.internal.reflect.NativeMethodAccessorImpl.invoke0 (Native Method)
    at jdk.internal.reflect.NativeMethodAccessorImpl.invoke (NativeMethodAccessorImpl.java:62)
    at jdk.internal.reflect.DelegatingMethodAccessorImpl.invoke (DelegatingMethodAccessorImpl.java:43)
    at java.lang.reflect.Method.invoke (Method.java:566)
    at org.codehaus.plexus.classworlds.launcher.Launcher.launchEnhanced (Launcher.java:282)
    at org.codehaus.plexus.classworlds.launcher.Launcher.launch (Launcher.java:225)
    at org.codehaus.plexus.classworlds.launcher.Launcher.mainWithExitCode (Launcher.java:406)
    at org.codehaus.plexus.classworlds.launcher.Launcher.main (Launcher.java:347)
[INFO] 
[INFO] --- maven-resources-plugin:2.6:resources (default-resources) @ enip-core ---
[INFO] Using 'UTF-8' encoding to copy filtered resources.
[INFO] skip non existing resourceDirectory /workdir/ethernet-ip/enip-core/src/main/resources
[INFO] 
[INFO] --- maven-compiler-plugin:3.8.0:compile (default-compile) @ enip-core ---
[INFO] Nothing to compile - all classes are up to date
[INFO] 
[INFO] --- maven-resources-plugin:2.6:testResources (default-testResources) @ enip-core ---
[INFO] Using 'UTF-8' encoding to copy filtered resources.
[INFO] skip non existing resourceDirectory /workdir/ethernet-ip/enip-core/src/test/resources
[INFO] 
[INFO] --- maven-compiler-plugin:3.8.0:testCompile (default-testCompile) @ enip-core ---
[INFO] Nothing to compile - all classes are up to date
[INFO] 
[INFO] --- maven-surefire-plugin:2.12.4:test (default-test) @ enip-core ---
[INFO] Surefire report directory: /workdir/ethernet-ip/enip-core/target/surefire-reports

-------------------------------------------------------
 T E S T S
-------------------------------------------------------
Running TestSuite
Configuring TestNG with: org.apache.maven.surefire.testng.conf.TestNG652Configurator@48503868
SLF4J: Failed to load class "org.slf4j.impl.StaticLoggerBinder".
SLF4J: Defaulting to no-operation (NOP) logger implementation
SLF4J: See http://www.slf4j.org/codes.html#StaticLoggerBinder for further details.
Tests run: 47, Failures: 0, Errors: 0, Skipped: 0, Time elapsed: 0.425 sec

Results :

Tests run: 47, Failures: 0, Errors: 0, Skipped: 0

[INFO] 
[INFO] -----------------< com.digitalpetri.enip:enip-client >------------------
[INFO] Building enip-client 1.3.5-SNAPSHOT                                [4/6]
[INFO] --------------------------------[ jar ]---------------------------------
[INFO] 
[INFO] --- maven-enforcer-plugin:3.0.0-M2:enforce (vulnerability-checks) @ enip-client ---
[INFO] Checking for vulnerabilities:
[INFO]   io.netty:netty-buffer:jar:4.0.56.Final:compile
[INFO]   io.netty:netty-transport:jar:4.0.56.Final:compile
[INFO]   org.testng:testng:jar:6.14.3:test
[INFO]   io.netty:netty-common:jar:4.0.56.Final:compile
[INFO]   com.digitalpetri.enip:enip-core:jar:1.3.5-SNAPSHOT:compile
[INFO]   io.netty:netty-handler:jar:4.0.56.Final:compile
[INFO]   com.beust:jcommander:jar:1.72:test
[INFO]   com.digitalpetri.fsm:strict-machine:jar:0.3:compile
[INFO]   com.google.code.findbugs:jsr305:jar:3.0.0:compile
[INFO]   org.apache-extras.beanshell:bsh:jar:2.0b6:test
[INFO]   com.digitalpetri.netty:netty-channel-fsm:jar:0.4:compile
[INFO]   io.netty:netty-codec:jar:4.0.56.Final:compile
[INFO]   org.slf4j:slf4j-api:jar:1.7.7:compile
[INFO]   io.dropwizard.metrics:metrics-core:jar:3.1.0:compile
[INFO]   com.digitalpetri.enip:cip-core:jar:1.3.5-SNAPSHOT:compile
[INFO] Exclude coordinates: []
[INFO] Exclude vulnerability identifiers: []
[INFO] CVSS-score threshold: 0.0
[WARNING] Failed to fetch component-reports
org.sonatype.ossindex.service.client.transport.Transport$TransportException: Unexpected response; status: HTTP/1.1 429 Too Many Requests
    at org.sonatype.ossindex.service.client.transport.HttpClientTransport.post (HttpClientTransport.java:98)
    at org.sonatype.ossindex.service.client.internal.OssindexClientImpl.doRequestComponentReports (OssindexClientImpl.java:163)
    at org.sonatype.ossindex.service.client.internal.OssindexClientImpl.requestComponentReports (OssindexClientImpl.java:139)
    at org.sonatype.ossindex.maven.common.ComponentReportAssistant.request (ComponentReportAssistant.java:80)
    at org.sonatype.ossindex.maven.enforcer.BanVulnerableDependencies$Task.run (BanVulnerableDependencies.java:186)
    at org.sonatype.ossindex.maven.enforcer.BanVulnerableDependencies.execute (BanVulnerableDependencies.java:119)
    at org.apache.maven.plugins.enforcer.EnforceMojo.execute (EnforceMojo.java:194)
    at org.apache.maven.plugin.DefaultBuildPluginManager.executeMojo (DefaultBuildPluginManager.java:137)
    at org.apache.maven.lifecycle.internal.MojoExecutor.execute (MojoExecutor.java:210)
    at org.apache.maven.lifecycle.internal.MojoExecutor.execute (MojoExecutor.java:156)
    at org.apache.maven.lifecycle.internal.MojoExecutor.execute (MojoExecutor.java:148)
    at org.apache.maven.lifecycle.internal.LifecycleModuleBuilder.buildProject (LifecycleModuleBuilder.java:117)
    at org.apache.maven.lifecycle.internal.LifecycleModuleBuilder.buildProject (LifecycleModuleBuilder.java:81)
    at org.apache.maven.lifecycle.internal.builder.singlethreaded.SingleThreadedBuilder.build (SingleThreadedBuilder.java:56)
    at org.apache.maven.lifecycle.internal.LifecycleStarter.execute (LifecycleStarter.java:128)
    at org.apache.maven.DefaultMaven.doExecute (DefaultMaven.java:305)
    at org.apache.maven.DefaultMaven.doExecute (DefaultMaven.java:192)
    at org.apache.maven.DefaultMaven.execute (DefaultMaven.java:105)
    at org.apache.maven.cli.MavenCli.execute (MavenCli.java:957)
    at org.apache.maven.cli.MavenCli.doMain (MavenCli.java:289)
    at org.apache.maven.cli.MavenCli.main (MavenCli.java:193)
    at jdk.internal.reflect.NativeMethodAccessorImpl.invoke0 (Native Method)
    at jdk.internal.reflect.NativeMethodAccessorImpl.invoke (NativeMethodAccessorImpl.java:62)
    at jdk.internal.reflect.DelegatingMethodAccessorImpl.invoke (DelegatingMethodAccessorImpl.java:43)
    at java.lang.reflect.Method.invoke (Method.java:566)
    at org.codehaus.plexus.classworlds.launcher.Launcher.launchEnhanced (Launcher.java:282)
    at org.codehaus.plexus.classworlds.launcher.Launcher.launch (Launcher.java:225)
    at org.codehaus.plexus.classworlds.launcher.Launcher.mainWithExitCode (Launcher.java:406)
    at org.codehaus.plexus.classworlds.launcher.Launcher.main (Launcher.java:347)
[INFO] 
[INFO] --- maven-resources-plugin:2.6:resources (default-resources) @ enip-client ---
[INFO] Using 'UTF-8' encoding to copy filtered resources.
[INFO] skip non existing resourceDirectory /workdir/ethernet-ip/enip-client/src/main/resources
[INFO] 
[INFO] --- maven-compiler-plugin:3.8.0:compile (default-compile) @ enip-client ---
[INFO] Nothing to compile - all classes are up to date
[INFO] 
[INFO] --- maven-resources-plugin:2.6:testResources (default-testResources) @ enip-client ---
[INFO] Using 'UTF-8' encoding to copy filtered resources.
[INFO] skip non existing resourceDirectory /workdir/ethernet-ip/enip-client/src/test/resources
[INFO] 
[INFO] --- maven-compiler-plugin:3.8.0:testCompile (default-testCompile) @ enip-client ---
[INFO] No sources to compile
[INFO] 
[INFO] --- maven-surefire-plugin:2.12.4:test (default-test) @ enip-client ---
[INFO] No tests to run.
[INFO] 
[INFO] ------------------< com.digitalpetri.enip:cip-client >------------------
[INFO] Building cip-client 1.3.5-SNAPSHOT                                 [5/6]
[INFO] --------------------------------[ jar ]---------------------------------
[INFO] 
[INFO] --- maven-enforcer-plugin:3.0.0-M2:enforce (vulnerability-checks) @ cip-client ---
[INFO] Checking for vulnerabilities:
[INFO]   io.netty:netty-buffer:jar:4.0.56.Final:compile
[INFO]   com.digitalpetri.enip:enip-client:jar:1.3.5-SNAPSHOT:compile
[INFO]   io.netty:netty-transport:jar:4.0.56.Final:compile
[INFO]   org.testng:testng:jar:6.14.3:test
[INFO]   io.netty:netty-common:jar:4.0.56.Final:compile
[INFO]   com.digitalpetri.enip:enip-core:jar:1.3.5-SNAPSHOT:compile
[INFO]   io.netty:netty-handler:jar:4.0.56.Final:compile
[INFO]   com.beust:jcommander:jar:1.72:test
[INFO]   com.digitalpetri.fsm:strict-machine:jar:0.3:compile
[INFO]   com.google.code.findbugs:jsr305:jar:3.0.0:compile
[INFO]   org.apache-extras.beanshell:bsh:jar:2.0b6:test
[INFO]   com.digitalpetri.netty:netty-channel-fsm:jar:0.4:compile
[INFO]   io.netty:netty-codec:jar:4.0.56.Final:compile
[INFO]   org.slf4j:slf4j-api:jar:1.7.7:compile
[INFO]   io.dropwizard.metrics:metrics-core:jar:3.1.0:compile
[INFO]   com.digitalpetri.enip:cip-core:jar:1.3.5-SNAPSHOT:compile
[INFO] Exclude coordinates: []
[INFO] Exclude vulnerability identifiers: []
[INFO] CVSS-score threshold: 0.0
[WARNING] Failed to fetch component-reports
org.sonatype.ossindex.service.client.transport.Transport$TransportException: Unexpected response; status: HTTP/1.1 429 Too Many Requests
    at org.sonatype.ossindex.service.client.transport.HttpClientTransport.post (HttpClientTransport.java:98)
    at org.sonatype.ossindex.service.client.internal.OssindexClientImpl.doRequestComponentReports (OssindexClientImpl.java:163)
    at org.sonatype.ossindex.service.client.internal.OssindexClientImpl.requestComponentReports (OssindexClientImpl.java:139)
    at org.sonatype.ossindex.maven.common.ComponentReportAssistant.request (ComponentReportAssistant.java:80)
    at org.sonatype.ossindex.maven.enforcer.BanVulnerableDependencies$Task.run (BanVulnerableDependencies.java:186)
    at org.sonatype.ossindex.maven.enforcer.BanVulnerableDependencies.execute (BanVulnerableDependencies.java:119)
    at org.apache.maven.plugins.enforcer.EnforceMojo.execute (EnforceMojo.java:194)
    at org.apache.maven.plugin.DefaultBuildPluginManager.executeMojo (DefaultBuildPluginManager.java:137)
    at org.apache.maven.lifecycle.internal.MojoExecutor.execute (MojoExecutor.java:210)
    at org.apache.maven.lifecycle.internal.MojoExecutor.execute (MojoExecutor.java:156)
    at org.apache.maven.lifecycle.internal.MojoExecutor.execute (MojoExecutor.java:148)
    at org.apache.maven.lifecycle.internal.LifecycleModuleBuilder.buildProject (LifecycleModuleBuilder.java:117)
    at org.apache.maven.lifecycle.internal.LifecycleModuleBuilder.buildProject (LifecycleModuleBuilder.java:81)
    at org.apache.maven.lifecycle.internal.builder.singlethreaded.SingleThreadedBuilder.build (SingleThreadedBuilder.java:56)
    at org.apache.maven.lifecycle.internal.LifecycleStarter.execute (LifecycleStarter.java:128)
    at org.apache.maven.DefaultMaven.doExecute (DefaultMaven.java:305)
    at org.apache.maven.DefaultMaven.doExecute (DefaultMaven.java:192)
    at org.apache.maven.DefaultMaven.execute (DefaultMaven.java:105)
    at org.apache.maven.cli.MavenCli.execute (MavenCli.java:957)
    at org.apache.maven.cli.MavenCli.doMain (MavenCli.java:289)
    at org.apache.maven.cli.MavenCli.main (MavenCli.java:193)
    at jdk.internal.reflect.NativeMethodAccessorImpl.invoke0 (Native Method)
    at jdk.internal.reflect.NativeMethodAccessorImpl.invoke (NativeMethodAccessorImpl.java:62)
    at jdk.internal.reflect.DelegatingMethodAccessorImpl.invoke (DelegatingMethodAccessorImpl.java:43)
    at java.lang.reflect.Method.invoke (Method.java:566)
    at org.codehaus.plexus.classworlds.launcher.Launcher.launchEnhanced (Launcher.java:282)
    at org.codehaus.plexus.classworlds.launcher.Launcher.launch (Launcher.java:225)
    at org.codehaus.plexus.classworlds.launcher.Launcher.mainWithExitCode (Launcher.java:406)
    at org.codehaus.plexus.classworlds.launcher.Launcher.main (Launcher.java:347)
[INFO] 
[INFO] --- maven-resources-plugin:2.6:resources (default-resources) @ cip-client ---
[INFO] Using 'UTF-8' encoding to copy filtered resources.
[INFO] skip non existing resourceDirectory /workdir/ethernet-ip/cip-client/src/main/resources
[INFO] 
[INFO] --- maven-compiler-plugin:3.8.0:compile (default-compile) @ cip-client ---
[INFO] Nothing to compile - all classes are up to date
[INFO] 
[INFO] --- maven-resources-plugin:2.6:testResources (default-testResources) @ cip-client ---
[INFO] Using 'UTF-8' encoding to copy filtered resources.
[INFO] skip non existing resourceDirectory /workdir/ethernet-ip/cip-client/src/test/resources
[INFO] 
[INFO] --- maven-compiler-plugin:3.8.0:testCompile (default-testCompile) @ cip-client ---
[INFO] No sources to compile
[INFO] 
[INFO] --- maven-surefire-plugin:2.12.4:test (default-test) @ cip-client ---
[INFO] No tests to run.
[INFO] 
[INFO] ----------------< com.digitalpetri.enip:logix-services >----------------
[INFO] Building logix-services 1.3.5-SNAPSHOT                             [6/6]
[INFO] --------------------------------[ jar ]---------------------------------
[INFO] 
[INFO] --- maven-enforcer-plugin:3.0.0-M2:enforce (vulnerability-checks) @ logix-services ---
[INFO] Checking for vulnerabilities:
[INFO]   com.digitalpetri.enip:enip-core:jar:1.3.5-SNAPSHOT:compile
[INFO]   io.netty:netty-buffer:jar:4.0.56.Final:compile
[INFO]   com.beust:jcommander:jar:1.72:test
[INFO]   com.google.code.findbugs:jsr305:jar:3.0.0:compile
[INFO]   org.apache-extras.beanshell:bsh:jar:2.0b6:test
[INFO]   org.testng:testng:jar:6.14.3:test
[INFO]   io.netty:netty-common:jar:4.0.56.Final:compile
[INFO]   org.slf4j:slf4j-api:jar:1.7.7:compile
[INFO]   com.digitalpetri.enip:cip-core:jar:1.3.5-SNAPSHOT:compile
[INFO] Exclude coordinates: []
[INFO] Exclude vulnerability identifiers: []
[INFO] CVSS-score threshold: 0.0
[WARNING] Failed to fetch component-reports
org.sonatype.ossindex.service.client.transport.Transport$TransportException: Unexpected response; status: HTTP/1.1 429 Too Many Requests
    at org.sonatype.ossindex.service.client.transport.HttpClientTransport.post (HttpClientTransport.java:98)
    at org.sonatype.ossindex.service.client.internal.OssindexClientImpl.doRequestComponentReports (OssindexClientImpl.java:163)
    at org.sonatype.ossindex.service.client.internal.OssindexClientImpl.requestComponentReports (OssindexClientImpl.java:139)
    at org.sonatype.ossindex.maven.common.ComponentReportAssistant.request (ComponentReportAssistant.java:80)
    at org.sonatype.ossindex.maven.enforcer.BanVulnerableDependencies$Task.run (BanVulnerableDependencies.java:186)
    at org.sonatype.ossindex.maven.enforcer.BanVulnerableDependencies.execute (BanVulnerableDependencies.java:119)
    at org.apache.maven.plugins.enforcer.EnforceMojo.execute (EnforceMojo.java:194)
    at org.apache.maven.plugin.DefaultBuildPluginManager.executeMojo (DefaultBuildPluginManager.java:137)
    at org.apache.maven.lifecycle.internal.MojoExecutor.execute (MojoExecutor.java:210)
    at org.apache.maven.lifecycle.internal.MojoExecutor.execute (MojoExecutor.java:156)
    at org.apache.maven.lifecycle.internal.MojoExecutor.execute (MojoExecutor.java:148)
    at org.apache.maven.lifecycle.internal.LifecycleModuleBuilder.buildProject (LifecycleModuleBuilder.java:117)
    at org.apache.maven.lifecycle.internal.LifecycleModuleBuilder.buildProject (LifecycleModuleBuilder.java:81)
    at org.apache.maven.lifecycle.internal.builder.singlethreaded.SingleThreadedBuilder.build (SingleThreadedBuilder.java:56)
    at org.apache.maven.lifecycle.internal.LifecycleStarter.execute (LifecycleStarter.java:128)
    at org.apache.maven.DefaultMaven.doExecute (DefaultMaven.java:305)
    at org.apache.maven.DefaultMaven.doExecute (DefaultMaven.java:192)
    at org.apache.maven.DefaultMaven.execute (DefaultMaven.java:105)
    at org.apache.maven.cli.MavenCli.execute (MavenCli.java:957)
    at org.apache.maven.cli.MavenCli.doMain (MavenCli.java:289)
    at org.apache.maven.cli.MavenCli.main (MavenCli.java:193)
    at jdk.internal.reflect.NativeMethodAccessorImpl.invoke0 (Native Method)
    at jdk.internal.reflect.NativeMethodAccessorImpl.invoke (NativeMethodAccessorImpl.java:62)
    at jdk.internal.reflect.DelegatingMethodAccessorImpl.invoke (DelegatingMethodAccessorImpl.java:43)
    at java.lang.reflect.Method.invoke (Method.java:566)
    at org.codehaus.plexus.classworlds.launcher.Launcher.launchEnhanced (Launcher.java:282)
    at org.codehaus.plexus.classworlds.launcher.Launcher.launch (Launcher.java:225)
    at org.codehaus.plexus.classworlds.launcher.Launcher.mainWithExitCode (Launcher.java:406)
    at org.codehaus.plexus.classworlds.launcher.Launcher.main (Launcher.java:347)
[INFO] 
[INFO] --- maven-resources-plugin:2.6:resources (default-resources) @ logix-services ---
[INFO] Using 'UTF-8' encoding to copy filtered resources.
[INFO] skip non existing resourceDirectory /workdir/ethernet-ip/logix-services/src/main/resources
[INFO] 
[INFO] --- maven-compiler-plugin:3.8.0:compile (default-compile) @ logix-services ---
[INFO] Nothing to compile - all classes are up to date
[INFO] 
[INFO] --- maven-resources-plugin:2.6:testResources (default-testResources) @ logix-services ---
[INFO] Using 'UTF-8' encoding to copy filtered resources.
[INFO] skip non existing resourceDirectory /workdir/ethernet-ip/logix-services/src/test/resources
[INFO] 
[INFO] --- maven-compiler-plugin:3.8.0:testCompile (default-testCompile) @ logix-services ---
[INFO] No sources to compile
[INFO] 
[INFO] --- maven-surefire-plugin:2.12.4:test (default-test) @ logix-services ---
[INFO] No tests to run.
[INFO] ------------------------------------------------------------------------
[INFO] Reactor Summary for EtherNet/IP 1.3.5-SNAPSHOT:
[INFO] 
[INFO] EtherNet/IP ........................................ SUCCESS [  0.254 s]
[INFO] cip-core ........................................... SUCCESS [  1.210 s]
[INFO] enip-core .......................................... SUCCESS [  1.537 s]
[INFO] enip-client ........................................ SUCCESS [  0.589 s]
[INFO] cip-client ......................................... SUCCESS [  0.572 s]
[INFO] logix-services ..................................... SUCCESS [  0.521 s]
[INFO] ------------------------------------------------------------------------
[INFO] BUILD SUCCESS
[INFO] ------------------------------------------------------------------------
[INFO] Total time:  5.178 s
[INFO] Finished at: 2021-02-15T01:50:33Z
[INFO] ------------------------------------------------------------------------
